Arguments: 
  C:\Program Files\nodejs\node.exe C:\Program Files (x86)\Yarn\bin\yarn.js

PATH: 
  C:\ProgramData\Oracle\Java\javapath;C:\python35\Scripts\;C:\python35\;C:\Program Files\ImageMagick-6.9.2-Q16;C:\WINDOWS\system32;C:\WINDOWS;C:\WINDOWS\System32\Wbem;C:\WINDOWS\System32\WindowsPowerShell\v1.0\;C:\Program Files\TortoiseSVN\bin;C:\Program Files\Git\cmd;C:\Program Files\Git\mingw64\bin;C:\Program Files\Git\usr\bin;C:\Program Files (x86)\GtkSharp\2.12\bin;C:\Program Files\TortoiseGit\bin;C:\Program Files (x86)\Windows Kits\8.1\Windows Performance Toolkit\;C:\Program Files\SlikSvn\bin;C:\ProgramData\chocolatey\bin;C:\Program Files\nodejs\;C:\Program Files (x86)\Yarn\bin;C:\ProgramData\ComposerSetup\bin;C:\Ruby22\bin;C:\Users\lfalda\AppData\Local\atom\bin;C:\Program Files (x86)\Microsoft VS Code\bin;C:\Users\lfalda\AppData\Roaming\npm;C:\Users\lfalda\AppData\Local\Yarn\.bin;C:\xampp\php;C:\Users\lfalda\AppData\Roaming\Composer\vendor\bin

Yarn version: 
  0.16.0

Node version: 
  7.0.0

Platform: 
  win32 x64

npm manifest: 
  {
    "name": "aframe2",
    "version": "1.0.0",
    "description": "",
    "main": "index.js",
    "scripts": {
      "start": "webpack-dev-server"
    },
    "author": "",
    "license": "ISC",
    "devDependencies": {
      "aframe": "^0.3.2",
      "babel-core": "^6.18.2",
      "babel-loader": "^6.2.7",
      "babel-preset-es2015": "^6.18.0",
      "babel-preset-react": "^6.16.0",
      "babel-preset-stage-0": "^6.16.0",
      "eslint": "^3.9.1",
      "eslint-plugin-react": "^6.6.0",
      "webpack": "2.1.0-beta.25",
      "webpack-dev-server": "2.1.0-beta.10"
    },
    "dependencies": {
      "aframe-react": "^3.4.0",
      "hex-to-hsl": "^1.0.2",
      "hsl-to-hex": "^1.0.0",
      "immutable": "^3.8.1",
      "kframe": "^0.3.0",
      "react": "^15.3.2",
      "react-dom": "^15.3.2",
      "react-redux": "^4.4.5",
      "react-router": "^3.0.0",
      "react-router-redux": "^4.0.7",
      "redux": "^3.6.0",
      "redux-saga": "^0.12.1",
      "three": "^0.82.1",
      "three-effectcomposer": "^0.0.1"
    }
  }

yarn manifest: 
  No manifest

bower manifest: 
  No manifest

Lockfile: 
  No lockfile

Trace: 
  Error: EPERM: operation not permitted, open 'C:\www\aframe-tweets\node_modules\firebase\app-node.js'
